Request: 

Rest Request: 
1
Rest Request: 
1
Rest Request: 
1
Rest Request: 
1
hook.verify2147542187939a4c
Rest Request: 
1
hook.verify2147542187939a4c
Array
(
    [type] => hook.verify
    [hook_id] => 21475421
    [code] => 87939a4c
)

Array
(
    [type] => hook.verify
    [hook_id] => 21475421
    [code] => 87939a4c
)

Rest Request: 

Array
(
    [type] => comment.create
    [hook_id] => 21475421
    [item_id] => 2407673089
    [comment_id] => 1233506595
)

Rest Request: 

Array
(
    [type] => comment.create
    [hook_id] => 21475421
    [item_id] => 2407673089
    [comment_id] => 1233507270
)

Rest Request: 

Array
(
    [type] => comment.create
    [hook_id] => 21475421
    [item_id] => 2338504189
    [comment_id] => 1233678590
)

Rest Request: 

Array
(
    [type] => comment.create
    [hook_id] => 21475421
    [item_id] => 2369248939
    [comment_id] => 1233683670
)

Rest Request: 

Array
(
    [type] => comment.create
    [hook_id] => 21475421
    [item_id] => 2373145863
    [comment_id] => 1233967590
)

Rest Request: 

Array
(
    [type] => comment.create
    [hook_id] => 21475421
    [item_id] => 2373145863
    [comment_id] => 1233984231
)

Rest Request: 

Array
(
    [type] => comment.create
    [hook_id] => 21475421
    [item_id] => 1684177871
    [comment_id] => 1234552058
)

Rest Request: 

Array
(
    [type] => comment.create
    [hook_id] => 21475421
    [item_id] => 2373145863
    [comment_id] => 1234796654
)

Rest Request: 

Array
(
    [type] => comment.create
    [hook_id] => 21475421
    [item_id] => 2065875439
    [comment_id] => 1234988290
)

Rest Request: 

Array
(
    [type] => comment.create
    [hook_id] => 21475421
    [item_id] => 2065875439
    [comment_id] => 1234988907
)

Rest Request: 

Array
(
    [type] => comment.create
    [hook_id] => 21475421
    [item_id] => 2065875439
    [comment_id] => 1235007140
)

Rest Request: 

Array
(
    [type] => comment.create
    [hook_id] => 21475421
    [item_id] => 2065875439
    [comment_id] => 1235336118
)

Rest Request: 

Array
(
    [type] => comment.create
    [hook_id] => 21475421
    [item_id] => 2338504189
    [comment_id] => 1235868388
)

Rest Request: 

Array
(
    [type] => comment.create
    [hook_id] => 21475421
    [item_id] => 2338504189
    [comment_id] => 1235870491
)

Rest Request: 

Array
(
    [type] => comment.create
    [hook_id] => 21475421
    [item_id] => 2065875439
    [comment_id] => 1236105449
)

Rest Request: 

Array
(
    [type] => comment.create
    [hook_id] => 21475421
    [item_id] => 2139139207
    [comment_id] => 1236110363
)

Rest Request: 

Array
(
    [type] => comment.create
    [hook_id] => 21475421
    [item_id] => 2139139207
    [comment_id] => 1236114021
)

Rest Request: 

Array
(
    [type] => comment.create
    [hook_id] => 21475421
    [item_id] => 2139139207
    [comment_id] => 1236114404
)

Rest Request: 

Array
(
    [type] => comment.create
    [hook_id] => 21475421
    [item_id] => 1684177871
    [comment_id] => 1236177276
)

Rest Request: 

Array
(
    [type] => comment.create
    [hook_id] => 21475421
    [item_id] => 2065875439
    [comment_id] => 1236326392
)

Rest Request: 

Array
(
    [type] => comment.create
    [hook_id] => 21475421
    [item_id] => 1684177871
    [comment_id] => 1236354771
)

Rest Request: 

Array
(
    [type] => comment.create
    [hook_id] => 21475421
    [item_id] => 1973912996
    [comment_id] => 1236515686
)

Rest Request: 

Array
(
    [type] => comment.create
    [hook_id] => 21475421
    [item_id] => 2191783802
    [comment_id] => 1236704788
)

Rest Request: 

Array
(
    [type] => comment.create
    [hook_id] => 21475421
    [item_id] => 2072678869
    [comment_id] => 1236708168
)

Rest Request: 

Array
(
    [type] => comment.create
    [hook_id] => 21475421
    [item_id] => 2338504189
    [comment_id] => 1236741666
)

Rest Request: 

Array
(
    [type] => comment.create
    [hook_id] => 21475421
    [item_id] => 2369248939
    [comment_id] => 1236977038
)

Rest Request: 

Array
(
    [type] => comment.create
    [hook_id] => 21475421
    [item_id] => 2413323389
    [comment_id] => 1237182569
)

Rest Request: 

Array
(
    [type] => comment.create
    [hook_id] => 21475421
    [item_id] => 2413323389
    [comment_id] => 1237190138
)

Rest Request: 

Array
(
    [type] => comment.create
    [hook_id] => 21475421
    [item_id] => 2413323389
    [comment_id] => 1237191583
)

Rest Request: 

Array
(
    [type] => comment.create
    [hook_id] => 21475421
    [item_id] => 2369248939
    [comment_id] => 1237611617
)

Rest Request: 

Array
(
    [type] => comment.create
    [hook_id] => 21475421
    [item_id] => 2414142355
    [comment_id] => 1237686654
)

Rest Request: 

Array
(
    [type] => comment.create
    [hook_id] => 21475421
    [item_id] => 2414142355
    [comment_id] => 1237687374
)

Rest Request: 

Array
(
    [type] => comment.create
    [hook_id] => 21475421
    [item_id] => 2414142355
    [comment_id] => 1237688134
)

Rest Request: 

Array
(
    [type] => comment.create
    [hook_id] => 21475421
    [item_id] => 1684177835
    [comment_id] => 1237707531
)

Rest Request: 

Array
(
    [type] => comment.create
    [hook_id] => 21475421
    [item_id] => 2414142355
    [comment_id] => 1237873338
)

Rest Request: 

Array
(
    [type] => comment.create
    [hook_id] => 21475421
    [item_id] => 2370639577
    [comment_id] => 1237921561
)

Rest Request: 

Array
(
    [type] => comment.create
    [hook_id] => 21475421
    [item_id] => 2370639577
    [comment_id] => 1237927200
)

Rest Request: 

Array
(
    [type] => comment.create
    [hook_id] => 21475421
    [item_id] => 2145346823
    [comment_id] => 1239111292
)

Rest Request: 

Array
(
    [type] => comment.create
    [hook_id] => 21475421
    [item_id] => 2414142355
    [comment_id] => 1239162084
)

Rest Request: 

Array
(
    [type] => comment.create
    [hook_id] => 21475421
    [item_id] => 1973912996
    [comment_id] => 1239261903
)

Rest Request: 

Array
(
    [type] => comment.create
    [hook_id] => 21475421
    [item_id] => 1684177871
    [comment_id] => 1239265170
)

Rest Request: 

Array
(
    [type] => comment.create
    [hook_id] => 21475421
    [item_id] => 2369248939
    [comment_id] => 1239282297
)

Rest Request: 

Array
(
    [type] => comment.create
    [hook_id] => 21475421
    [item_id] => 1973912996
    [comment_id] => 1239312265
)

Rest Request: 

Array
(
    [type] => comment.create
    [hook_id] => 21475421
    [item_id] => 1973912996
    [comment_id] => 1239340729
)

Rest Request: 

Array
(
    [type] => comment.create
    [hook_id] => 21475421
    [item_id] => 1765433611
    [comment_id] => 1239429381
)

Rest Request: 

Array
(
    [type] => comment.create
    [hook_id] => 21475421
    [item_id] => 2407673089
    [comment_id] => 1239495547
)

Rest Request: 

Array
(
    [type] => comment.create
    [hook_id] => 21475421
    [item_id] => 1973912996
    [comment_id] => 1239569655
)

Rest Request: 

Array
(
    [type] => comment.create
    [hook_id] => 21475421
    [item_id] => 1973912996
    [comment_id] => 1239572088
)

Rest Request: 

Array
(
    [type] => comment.create
    [hook_id] => 21475421
    [item_id] => 2145346823
    [comment_id] => 1239856108
)

Rest Request: 

Array
(
    [type] => comment.create
    [hook_id] => 21475421
    [item_id] => 1973912996
    [comment_id] => 1239951109
)

Rest Request: 

Array
(
    [type] => comment.create
    [hook_id] => 21475421
    [item_id] => 1973912996
    [comment_id] => 1239953540
)

Rest Request: 

Array
(
    [type] => comment.create
    [hook_id] => 21475421
    [item_id] => 2145346823
    [comment_id] => 1239967658
)

Rest Request: 

Array
(
    [type] => comment.create
    [hook_id] => 21475421
    [item_id] => 2145346823
    [comment_id] => 1239968757
)

Rest Request: 

Array
(
    [type] => comment.create
    [hook_id] => 21475421
    [item_id] => 2145346823
    [comment_id] => 1239969425
)

Rest Request: 

Array
(
    [type] => comment.create
    [hook_id] => 21475421
    [item_id] => 2145346823
    [comment_id] => 1239970604
)

Rest Request: 

Array
(
    [type] => comment.create
    [hook_id] => 21475421
    [item_id] => 2145346823
    [comment_id] => 1239971021
)

Rest Request: 

Array
(
    [type] => comment.create
    [hook_id] => 21475421
    [item_id] => 2145346823
    [comment_id] => 1239973628
)

Rest Request: 

Array
(
    [type] => comment.create
    [hook_id] => 21475421
    [item_id] => 2145346823
    [comment_id] => 1239977852
)

Rest Request: 

Array
(
    [type] => comment.create
    [hook_id] => 21475421
    [item_id] => 2145346823
    [comment_id] => 1239977950
)

Rest Request: 

Array
(
    [type] => comment.create
    [hook_id] => 21475421
    [item_id] => 2145346823
    [comment_id] => 1239983227
)

Rest Request: 

Array
(
    [type] => comment.create
    [hook_id] => 21475421
    [item_id] => 2145346823
    [comment_id] => 1239986228
)

Rest Request: 

Array
(
    [type] => comment.create
    [hook_id] => 21475421
    [item_id] => 2145346823
    [comment_id] => 1240000050
)

Rest Request: 

Array
(
    [type] => comment.create
    [hook_id] => 21475421
    [item_id] => 2145346823
    [comment_id] => 1240001586
)

Rest Request: 

Array
(
    [type] => comment.create
    [hook_id] => 21475421
    [item_id] => 2407673089
    [comment_id] => 1240310209
)

{"http_code":200,"response_code":"SUCCESS","response_msg":"Messages queued for delivery.","data":{"total_price":0.0537,"total_count":1,"queued_count":1,"messages":[{"direction":"out","date":1679425084,"to":"+918860328059","body":"Hi this is a test message.","from":"+61447254068","schedule":0,"message_id":"95BF0ACD-1394-407D-BE25-9FABC7D55ECE","message_parts":1,"message_price":"0.0537","from_email":null,"list_id":null,"custom_string":"","contact_id":null,"user_id":146699,"subaccount_id":169015,"is_shared_system_number":false,"country":"IN","carrier":"Vodafone","status":"SUCCESS"}],"_currency":{"currency_name_short":"USD","currency_prefix_d":"$","currency_prefix_c":"\u00a2","currency_name_long":"US Dollars"}}}
SMS Sent
Array
(
    [type] => comment.create
    [hook_id] => 21475421
    [item_id] => 2065957313
    [comment_id] => 1240413560
)

Array
(
    [type] => comment.create
    [hook_id] => 21475421
    [item_id] => 2407673089
    [comment_id] => 1240433689
)

{"http_code":200,"response_code":"SUCCESS","response_msg":"Messages queued for delivery.","data":{"total_price":0.0537,"total_count":1,"queued_count":1,"messages":[{"direction":"out","date":1679432154,"to":"+918860328059","body":"This is another test message","from":"+61447254068","schedule":0,"message_id":"A8AE3EDE-7886-435D-8945-B558BE941855","message_parts":1,"message_price":"0.0537","from_email":null,"list_id":null,"custom_string":"","contact_id":null,"user_id":146699,"subaccount_id":169015,"is_shared_system_number":false,"country":"IN","carrier":"Vodafone","status":"SUCCESS"}],"_currency":{"currency_name_short":"USD","currency_prefix_d":"$","currency_prefix_c":"\u00a2","currency_name_long":"US Dollars"}}}
SMS Sent
Array
(
    [type] => comment.create
    [hook_id] => 21475421
    [item_id] => 2407673089
    [comment_id] => 1240438240
)

{"http_code":200,"response_code":"SUCCESS","response_msg":"Messages queued for delivery.","data":{"total_price":0.0537,"total_count":1,"queued_count":1,"messages":[{"direction":"out","date":1679432445,"to":"+918860328059","body":"hi how are you","from":"+61447254068","schedule":0,"message_id":"A51040D2-FF9A-4402-912D-AA52FE92EDAB","message_parts":1,"message_price":"0.0537","from_email":null,"list_id":null,"custom_string":"","contact_id":null,"user_id":146699,"subaccount_id":169015,"is_shared_system_number":false,"country":"IN","carrier":"Vodafone","status":"SUCCESS"}],"_currency":{"currency_name_short":"USD","currency_prefix_d":"$","currency_prefix_c":"\u00a2","currency_name_long":"US Dollars"}}}
SMS Sent
Array
(
    [type] => comment.create
    [hook_id] => 21475421
    [item_id] => 1682989975
    [comment_id] => 1240440127
)

{"http_code":200,"response_code":"SUCCESS","response_msg":"Messages queued for delivery.","data":{"total_price":0.0137,"total_count":1,"queued_count":1,"messages":[{"direction":"out","date":1679432578,"to":"+18012001723","body":"hi dan","from":"+18444985814","schedule":0,"message_id":"CA61D3A5-2482-4EEB-A188-A817215F7730","message_parts":1,"message_price":"0.0137","from_email":null,"list_id":null,"custom_string":"","contact_id":null,"user_id":146699,"subaccount_id":169015,"is_shared_system_number":false,"country":"US","carrier":"","status":"SUCCESS"}],"_currency":{"currency_name_short":"USD","currency_prefix_d":"$","currency_prefix_c":"\u00a2","currency_name_long":"US Dollars"}}}
SMS Sent
Array
(
    [type] => comment.create
    [hook_id] => 21475421
    [item_id] => 2380933998
    [comment_id] => 1240551066
)

{"http_code":200,"response_code":"SUCCESS","response_msg":"Messages queued for delivery.","data":{"total_price":0.0137,"total_count":1,"queued_count":1,"messages":[{"direction":"out","date":1679441183,"to":"+18019394136","body":"Matt - this is Dan. Just wanted to send you a quick note your account is set up! Off to the races - talk soon.","from":"+18444985814","schedule":0,"message_id":"FE6A8D6B-A422-4826-8F9F-4B0D76A76807","message_parts":1,"message_price":"0.0137","from_email":null,"list_id":null,"custom_string":"","contact_id":null,"user_id":146699,"subaccount_id":169015,"is_shared_system_number":false,"country":"US","carrier":"","status":"SUCCESS"}],"_currency":{"currency_name_short":"USD","currency_prefix_d":"$","currency_prefix_c":"\u00a2","currency_name_long":"US Dollars"}}}
SMS Sent
Array
(
    [type] => comment.create
    [hook_id] => 21475421
    [item_id] => 2145346823
    [comment_id] => 1240768381
)

Array
(
    [type] => comment.create
    [hook_id] => 21475421
    [item_id] => 2145346823
    [comment_id] => 1241073877
)

Array
(
    [type] => comment.create
    [hook_id] => 21475421
    [item_id] => 2419110062
    [comment_id] => 1241153507
)

Array
(
    [type] => comment.create
    [hook_id] => 21475421
    [item_id] => 2419110062
    [comment_id] => 1241156184
)

Array
(
    [type] => hook.verify
    [hook_id] => 21515903
    [code] => db1ebe5c
)

Array
(
    [type] => comment.create
    [hook_id] => 21515903
    [item_id] => 1684235932
    [comment_id] => 1241196225
)

Array
(
    [type] => comment.create
    [hook_id] => 21475421
    [item_id] => 2380933998
    [comment_id] => 1241308763
)

Array
(
)

Array
(
)

Array
(
)

Hook type does not exist
Array
(
    [type] => hook.verify
    [hook_id] => 21516866
    [code] => 16989e54
)

Array
(
    [type] => comment.create
    [hook_id] => 21516866
    [item_id] => 1684235932
    [comment_id] => 1241422498
)

Array
(
    [type] => comment.create
    [hook_id] => 21516866
    [item_id] => 1684235932
    [comment_id] => 1241425709
)

Array
(
)

Hook type does not exist
Array
(
)

Array
(
)

Array
(
)

Array
(
)

Array
(
)

Array
(
)

Array
(
)

SMS Sent
Array
(
    [type] => comment.create
    [hook_id] => 21516866
    [item_id] => 1684235932
    [comment_id] => 1241438018
)

SMS Sent
Array
(
    [type] => comment.create
    [hook_id] => 21516866
    [item_id] => 1684235932
    [comment_id] => 1241438573
)

{"http_code":200,"response_code":"SUCCESS","response_msg":"Messages queued for delivery.","data":{"total_price":0.0137,"total_count":1,"queued_count":1,"messages":[{"direction":"out","date":1679522465,"to":"+18012001723","body":"This is another test.","from":"+18444985814","schedule":0,"message_id":"02A9A073-4207-440C-AC42-EE368DB049B8","message_parts":1,"message_price":"0.0137","from_email":null,"list_id":null,"custom_string":"","contact_id":null,"user_id":146699,"subaccount_id":169015,"is_shared_system_number":false,"country":"US","carrier":"","status":"SUCCESS"}],"_currency":{"currency_name_short":"USD","currency_prefix_d":"$","currency_prefix_c":"\u00a2","currency_name_long":"US Dollars"}}}
SMS Sent
Array
(
    [type] => comment.create
    [hook_id] => 21516866
    [item_id] => 2416818054
    [comment_id] => 1241513582
)

Array
(
    [type] => comment.create
    [hook_id] => 21516866
    [item_id] => 2416818054
    [comment_id] => 1241519033
)

Array
(
    [type] => comment.create
    [hook_id] => 21475421
    [item_id] => 2338504189
    [comment_id] => 1241706453
)

Array
(
    [type] => comment.create
    [hook_id] => 21475421
    [item_id] => 2338504189
    [comment_id] => 1242127313
)

Array
(
    [type] => comment.create
    [hook_id] => 21475421
    [item_id] => 1973912996
    [comment_id] => 1242287571
)

Array
(
    [type] => comment.create
    [hook_id] => 21475421
    [item_id] => 1973912996
    [comment_id] => 1242288085
)

Array
(
    [type] => comment.create
    [hook_id] => 21475421
    [item_id] => 2145346823
    [comment_id] => 1242327998
)

Array
(
    [type] => comment.create
    [hook_id] => 21475421
    [item_id] => 1682989984
    [comment_id] => 1242328515
)

Array
(
    [type] => comment.create
    [hook_id] => 21475421
    [item_id] => 1682989984
    [comment_id] => 1242329921
)

Array
(
    [type] => comment.create
    [hook_id] => 21475421
    [item_id] => 1682990020
    [comment_id] => 1242361490
)

Array
(
    [type] => comment.create
    [hook_id] => 21475421
    [item_id] => 1682990020
    [comment_id] => 1242362755
)

Array
(
    [type] => comment.create
    [hook_id] => 21475421
    [item_id] => 1682990036
    [comment_id] => 1242527777
)

Array
(
    [type] => comment.create
    [hook_id] => 21475421
    [item_id] => 1682990036
    [comment_id] => 1242528629
)

Array
(
    [type] => comment.create
    [hook_id] => 21475421
    [item_id] => 2338504189
    [comment_id] => 1243026991
)

Array
(
    [type] => comment.create
    [hook_id] => 21475421
    [item_id] => 2338504189
    [comment_id] => 1243281145
)

Array
(
    [type] => comment.create
    [hook_id] => 21475421
    [item_id] => 1682989984
    [comment_id] => 1243689992
)

Array
(
    [type] => comment.create
    [hook_id] => 21475421
    [item_id] => 2338504189
    [comment_id] => 1244362881
)

Array
(
    [type] => comment.create
    [hook_id] => 21475421
    [item_id] => 2338504189
    [comment_id] => 1245215839
)

Array
(
    [type] => comment.create
    [hook_id] => 21475421
    [item_id] => 2338504189
    [comment_id] => 1245424363
)

Array
(
    [type] => comment.create
    [hook_id] => 21475421
    [item_id] => 2423981078
    [comment_id] => 1245939013
)

Array
(
    [type] => comment.create
    [hook_id] => 21475421
    [item_id] => 1682990021
    [comment_id] => 1246201316
)

Array
(
    [type] => comment.create
    [hook_id] => 21475421
    [item_id] => 1682990021
    [comment_id] => 1246238310
)

Array
(
    [type] => comment.create
    [hook_id] => 21475421
    [item_id] => 1682990021
    [comment_id] => 1246241662
)

Array
(
    [type] => comment.create
    [hook_id] => 21475421
    [item_id] => 1731329341
    [comment_id] => 1246255110
)

Array
(
    [type] => comment.create
    [hook_id] => 21475421
    [item_id] => 1731329341
    [comment_id] => 1246255958
)

Array
(
    [type] => comment.create
    [hook_id] => 21475421
    [item_id] => 1682990021
    [comment_id] => 1246297674
)

Array
(
    [type] => comment.create
    [hook_id] => 21475421
    [item_id] => 2380933998
    [comment_id] => 1246526329
)

Array
(
    [type] => comment.create
    [hook_id] => 21475421
    [item_id] => 2338504189
    [comment_id] => 1246726399
)

Array
(
    [type] => comment.create
    [hook_id] => 21475421
    [item_id] => 1731329341
    [comment_id] => 1246727016
)

Array
(
    [type] => comment.create
    [hook_id] => 21475421
    [item_id] => 2393323264
    [comment_id] => 1246898615
)

Array
(
    [type] => comment.create
    [hook_id] => 21475421
    [item_id] => 2380933998
    [comment_id] => 1246941014
)

Array
(
    [type] => comment.create
    [hook_id] => 21475421
    [item_id] => 2370639577
    [comment_id] => 1246946574
)

Array
(
    [type] => comment.create
    [hook_id] => 21475421
    [item_id] => 2370639577
    [comment_id] => 1246948179
)

Array
(
    [type] => comment.create
    [hook_id] => 21475421
    [item_id] => 2370639577
    [comment_id] => 1246949243
)

Array
(
    [type] => comment.create
    [hook_id] => 21475421
    [item_id] => 2145346823
    [comment_id] => 1246952487
)

Array
(
    [type] => comment.create
    [hook_id] => 21475421
    [item_id] => 2145346823
    [comment_id] => 1246953078
)

Array
(
    [type] => comment.create
    [hook_id] => 21475421
    [item_id] => 2338504189
    [comment_id] => 1247018504
)

Array
(
    [type] => comment.create
    [hook_id] => 21475421
    [item_id] => 2370639577
    [comment_id] => 1247085610
)

Array
(
    [type] => comment.create
    [hook_id] => 21475421
    [item_id] => 2380933998
    [comment_id] => 1247094366
)

Array
(
    [type] => comment.create
    [hook_id] => 21475421
    [item_id] => 1682990009
    [comment_id] => 1247166772
)

Array
(
    [type] => comment.create
    [hook_id] => 21475421
    [item_id] => 1682990009
    [comment_id] => 1247215783
)

Array
(
    [type] => comment.create
    [hook_id] => 21475421
    [item_id] => 1898489930
    [comment_id] => 1247216610
)

Array
(
    [type] => comment.create
    [hook_id] => 21475421
    [item_id] => 1898489930
    [comment_id] => 1247217555
)

Array
(
    [type] => comment.create
    [hook_id] => 21475421
    [item_id] => 1731329341
    [comment_id] => 1247601238
)

Array
(
    [type] => comment.create
    [hook_id] => 21475421
    [item_id] => 2369248939
    [comment_id] => 1247602739
)

Array
(
    [type] => comment.create
    [hook_id] => 21475421
    [item_id] => 2338504189
    [comment_id] => 1247672202
)

Array
(
    [type] => comment.create
    [hook_id] => 21475421
    [item_id] => 2380933998
    [comment_id] => 1247897844
)

Array
(
    [type] => comment.create
    [hook_id] => 21475421
    [item_id] => 1765439030
    [comment_id] => 1248084558
)

Array
(
    [type] => comment.create
    [hook_id] => 21475421
    [item_id] => 1682990016
    [comment_id] => 1248085244
)

Array
(
    [type] => comment.create
    [hook_id] => 21475421
    [item_id] => 2420419380
    [comment_id] => 1248130120
)

Array
(
    [type] => comment.create
    [hook_id] => 21475421
    [item_id] => 2338504189
    [comment_id] => 1248153498
)

Array
(
    [type] => comment.create
    [hook_id] => 21475421
    [item_id] => 2369248939
    [comment_id] => 1248161792
)

Array
(
    [type] => comment.create
    [hook_id] => 21475421
    [item_id] => 2369248939
    [comment_id] => 1248268009
)

Array
(
    [type] => comment.create
    [hook_id] => 21475421
    [item_id] => 2369248939
    [comment_id] => 1248276392
)

Array
(
    [type] => comment.create
    [hook_id] => 21475421
    [item_id] => 2369248939
    [comment_id] => 1248277447
)

Array
(
    [type] => comment.create
    [hook_id] => 21475421
    [item_id] => 2369248939
    [comment_id] => 1248284158
)

Array
(
    [type] => comment.create
    [hook_id] => 21475421
    [item_id] => 2338504189
    [comment_id] => 1248339694
)

Array
(
    [type] => comment.create
    [hook_id] => 21475421
    [item_id] => 2369248939
    [comment_id] => 1248514021
)

Array
(
    [type] => comment.create
    [hook_id] => 21475421
    [item_id] => 2369248939
    [comment_id] => 1248658315
)

Array
(
    [type] => comment.create
    [hook_id] => 21475421
    [item_id] => 2369248939
    [comment_id] => 1248737470
)

Array
(
    [type] => comment.create
    [hook_id] => 21475421
    [item_id] => 2369248939
    [comment_id] => 1248737856
)

Array
(
    [type] => comment.create
    [hook_id] => 21475421
    [item_id] => 2380933998
    [comment_id] => 1248746718
)

Array
(
    [type] => comment.create
    [hook_id] => 21475421
    [item_id] => 2369248939
    [comment_id] => 1248748666
)

Array
(
    [type] => comment.create
    [hook_id] => 21475421
    [item_id] => 2369248939
    [comment_id] => 1249174847
)

Array
(
    [type] => comment.create
    [hook_id] => 21475421
    [item_id] => 1684177140
    [comment_id] => 1250006160
)

Array
(
    [type] => comment.create
    [hook_id] => 21475421
    [item_id] => 1684177140
    [comment_id] => 1250007603
)

Array
(
    [type] => comment.create
    [hook_id] => 21475421
    [item_id] => 2420419380
    [comment_id] => 1250928969
)

Array
(
    [type] => comment.create
    [hook_id] => 21475421
    [item_id] => 2380933998
    [comment_id] => 1250934135
)

Array
(
    [type] => comment.create
    [hook_id] => 21475421
    [item_id] => 2414142355
    [comment_id] => 1250953314
)

Array
(
    [type] => comment.create
    [hook_id] => 21475421
    [item_id] => 1684177518
    [comment_id] => 1250957863
)

Array
(
    [type] => comment.create
    [hook_id] => 21475421
    [item_id] => 2191783802
    [comment_id] => 1251060500
)

Array
(
    [type] => comment.create
    [hook_id] => 21475421
    [item_id] => 1684177871
    [comment_id] => 1251078102
)

Array
(
    [type] => comment.create
    [hook_id] => 21475421
    [item_id] => 1689900082
    [comment_id] => 1251150649
)

Array
(
    [type] => comment.create
    [hook_id] => 21475421
    [item_id] => 1973912996
    [comment_id] => 1251239132
)

Array
(
    [type] => comment.create
    [hook_id] => 21475421
    [item_id] => 1682990009
    [comment_id] => 1251288639
)

Array
(
    [type] => comment.create
    [hook_id] => 21475421
    [item_id] => 1684177871
    [comment_id] => 1251346781
)

Array
(
    [type] => comment.create
    [hook_id] => 21475421
    [item_id] => 2191783802
    [comment_id] => 1251348555
)

Array
(
    [type] => comment.create
    [hook_id] => 21475421
    [item_id] => 1684177140
    [comment_id] => 1251357881
)

Array
(
    [type] => comment.create
    [hook_id] => 21475421
    [item_id] => 2414142355
    [comment_id] => 1251394623
)

Array
(
    [type] => comment.create
    [hook_id] => 21475421
    [item_id] => 1684177518
    [comment_id] => 1251394981
)

Array
(
    [type] => comment.create
    [hook_id] => 21475421
    [item_id] => 1684177140
    [comment_id] => 1251403045
)

Array
(
    [type] => comment.create
    [hook_id] => 21475421
    [item_id] => 1684177140
    [comment_id] => 1251405672
)

Array
(
    [type] => comment.create
    [hook_id] => 21475421
    [item_id] => 1684177140
    [comment_id] => 1251418018
)

Array
(
    [type] => comment.create
    [hook_id] => 21475421
    [item_id] => 1684177140
    [comment_id] => 1251487146
)

Array
(
    [type] => comment.create
    [hook_id] => 21475421
    [item_id] => 2358475692
    [comment_id] => 1251758623
)

Array
(
    [type] => comment.create
    [hook_id] => 21475421
    [item_id] => 1684177140
    [comment_id] => 1251882199
)

Array
(
    [type] => comment.create
    [hook_id] => 21475421
    [item_id] => 1904990080
    [comment_id] => 1251925222
)

Array
(
    [type] => comment.create
    [hook_id] => 21475421
    [item_id] => 1684177140
    [comment_id] => 1251960693
)

Array
(
    [type] => comment.create
    [hook_id] => 21475421
    [item_id] => 1904990080
    [comment_id] => 1252011981
)

Array
(
    [type] => comment.create
    [hook_id] => 21475421
    [item_id] => 1973912996
    [comment_id] => 1252018387
)

Array
(
    [type] => comment.create
    [hook_id] => 21475421
    [item_id] => 2065957313
    [comment_id] => 1252036233
)

Array
(
    [type] => comment.create
    [hook_id] => 21475421
    [item_id] => 2065957313
    [comment_id] => 1252096218
)

Array
(
    [type] => comment.create
    [hook_id] => 21475421
    [item_id] => 2370639577
    [comment_id] => 1252121440
)

Array
(
    [type] => comment.create
    [hook_id] => 21475421
    [item_id] => 2065957313
    [comment_id] => 1252126040
)

Array
(
    [type] => comment.create
    [hook_id] => 21475421
    [item_id] => 2369248939
    [comment_id] => 1252215892
)

Array
(
    [type] => comment.create
    [hook_id] => 21475421
    [item_id] => 1684177518
    [comment_id] => 1252301846
)

Array
(
    [type] => comment.create
    [hook_id] => 21475421
    [item_id] => 1684177518
    [comment_id] => 1252304331
)

Array
(
    [type] => comment.create
    [hook_id] => 21475421
    [item_id] => 2191783802
    [comment_id] => 1252341888
)

Array
(
    [type] => comment.create
    [hook_id] => 21475421
    [item_id] => 2065957313
    [comment_id] => 1252351098
)

Array
(
    [type] => comment.create
    [hook_id] => 21475421
    [item_id] => 2369248939
    [comment_id] => 1252537124
)

Array
(
    [type] => comment.create
    [hook_id] => 21475421
    [item_id] => 2414142355
    [comment_id] => 1252709124
)

Array
(
    [type] => comment.create
    [hook_id] => 21475421
    [item_id] => 2414142355
    [comment_id] => 1252733330
)

Array
(
    [type] => comment.create
    [hook_id] => 21475421
    [item_id] => 2414142355
    [comment_id] => 1252802767
)

Array
(
    [type] => comment.create
    [hook_id] => 21475421
    [item_id] => 2414142355
    [comment_id] => 1252814448
)

Array
(
    [type] => comment.create
    [hook_id] => 21475421
    [item_id] => 1684177140
    [comment_id] => 1252816830
)

Array
(
    [type] => comment.create
    [hook_id] => 21475421
    [item_id] => 2065875439
    [comment_id] => 1252857687
)

Array
(
    [type] => comment.create
    [hook_id] => 21475421
    [item_id] => 1684177518
    [comment_id] => 1252901955
)

Array
(
    [type] => comment.create
    [hook_id] => 21475421
    [item_id] => 2369248939
    [comment_id] => 1252917418
)

Array
(
    [type] => comment.create
    [hook_id] => 21475421
    [item_id] => 2414142355
    [comment_id] => 1252920145
)

Array
(
    [type] => comment.create
    [hook_id] => 21475421
    [item_id] => 2114694195
    [comment_id] => 1253038839
)

Array
(
    [type] => comment.create
    [hook_id] => 21475421
    [item_id] => 2191783802
    [comment_id] => 1253106292
)

Array
(
    [type] => comment.create
    [hook_id] => 21516866
    [item_id] => 2416818054
    [comment_id] => 1253169255
)

Array
(
    [type] => comment.create
    [hook_id] => 21475421
    [item_id] => 1731329341
    [comment_id] => 1253170415
)

Array
(
    [type] => comment.create
    [hook_id] => 21475421
    [item_id] => 2414142355
    [comment_id] => 1253421069
)

Array
(
    [type] => comment.create
    [hook_id] => 21475421
    [item_id] => 2414142355
    [comment_id] => 1253651526
)

Array
(
    [type] => comment.create
    [hook_id] => 21475421
    [item_id] => 2419110062
    [comment_id] => 1253697278
)

Array
(
    [type] => comment.create
    [hook_id] => 21475421
    [item_id] => 1684177871
    [comment_id] => 1253700144
)

Array
(
    [type] => comment.create
    [hook_id] => 21475421
    [item_id] => 1689900082
    [comment_id] => 1253802111
)

Array
(
    [type] => comment.create
    [hook_id] => 21475421
    [item_id] => 1682990013
    [comment_id] => 1253979735
)

Array
(
    [type] => comment.create
    [hook_id] => 21475421
    [item_id] => 1682990013
    [comment_id] => 1253990014
)

Array
(
    [type] => comment.create
    [hook_id] => 21475421
    [item_id] => 1904990080
    [comment_id] => 1253994511
)

Array
(
    [type] => comment.create
    [hook_id] => 21475421
    [item_id] => 1904990080
    [comment_id] => 1253998170
)

Array
(
    [type] => comment.create
    [hook_id] => 21475421
    [item_id] => 1904990080
    [comment_id] => 1253998846
)

Array
(
    [type] => comment.create
    [hook_id] => 21516866
    [item_id] => 2370608754
    [comment_id] => 1254054964
)

Array
(
    [type] => comment.create
    [hook_id] => 21516866
    [item_id] => 2370608754
    [comment_id] => 1254055133
)

Array
(
    [type] => comment.create
    [hook_id] => 21475421
    [item_id] => 2040053960
    [comment_id] => 1254508448
)

Array
(
    [type] => comment.create
    [hook_id] => 21475421
    [item_id] => 2373145863
    [comment_id] => 1254676810
)

Array
(
    [type] => comment.create
    [hook_id] => 21475421
    [item_id] => 2040053960
    [comment_id] => 1254703943
)

Array
(
    [type] => comment.create
    [hook_id] => 21475421
    [item_id] => 1682990009
    [comment_id] => 1255693112
)

Array
(
    [type] => comment.create
    [hook_id] => 21475421
    [item_id] => 2065957313
    [comment_id] => 1255763233
)

Array
(
    [type] => comment.create
    [hook_id] => 21475421
    [item_id] => 2065957313
    [comment_id] => 1255766455
)

Array
(
    [type] => comment.create
    [hook_id] => 21475421
    [item_id] => 1682990009
    [comment_id] => 1255861899
)

Array
(
    [type] => comment.create
    [hook_id] => 21475421
    [item_id] => 1689900082
    [comment_id] => 1255864890
)

Array
(
    [type] => comment.create
    [hook_id] => 21475421
    [item_id] => 2393323264
    [comment_id] => 1255896317
)

Array
(
    [type] => comment.create
    [hook_id] => 21475421
    [item_id] => 1682990036
    [comment_id] => 1255907171
)

Array
(
    [type] => comment.create
    [hook_id] => 21475421
    [item_id] => 2380933998
    [comment_id] => 1256213932
)

Array
(
    [type] => comment.create
    [hook_id] => 21475421
    [item_id] => 1682990016
    [comment_id] => 1256293923
)

Array
(
    [type] => comment.create
    [hook_id] => 21475421
    [item_id] => 1765439030
    [comment_id] => 1256294182
)

Array
(
    [type] => comment.create
    [hook_id] => 21475421
    [item_id] => 1731329341
    [comment_id] => 1256477441
)

Array
(
    [type] => comment.create
    [hook_id] => 21475421
    [item_id] => 2380933998
    [comment_id] => 1256507639
)

Array
(
    [type] => comment.create
    [hook_id] => 21475421
    [item_id] => 1684177518
    [comment_id] => 1256516610
)

Array
(
    [type] => comment.create
    [hook_id] => 21475421
    [item_id] => 2420419380
    [comment_id] => 1256530504
)

Array
(
    [type] => comment.create
    [hook_id] => 21475421
    [item_id] => 2338504189
    [comment_id] => 1256606488
)

Array
(
    [type] => comment.create
    [hook_id] => 21475421
    [item_id] => 2338504189
    [comment_id] => 1256796546
)

Array
(
    [type] => comment.create
    [hook_id] => 21475421
    [item_id] => 1973912996
    [comment_id] => 1257567143
)

Array
(
    [type] => comment.create
    [hook_id] => 21475421
    [item_id] => 2357049776
    [comment_id] => 1257690711
)

Array
(
    [type] => comment.create
    [hook_id] => 21475421
    [item_id] => 1973912996
    [comment_id] => 1257753667
)

Array
(
    [type] => comment.create
    [hook_id] => 21475421
    [item_id] => 1904990080
    [comment_id] => 1257821555
)

Array
(
    [type] => comment.create
    [hook_id] => 21475421
    [item_id] => 1973912996
    [comment_id] => 1257822393
)

Array
(
    [type] => comment.create
    [hook_id] => 21475421
    [item_id] => 2373145863
    [comment_id] => 1257972972
)

Array
(
    [type] => comment.create
    [hook_id] => 21475421
    [item_id] => 1973912996
    [comment_id] => 1257978033
)

Array
(
    [type] => comment.create
    [hook_id] => 21475421
    [item_id] => 1973912996
    [comment_id] => 1257988728
)

Array
(
    [type] => comment.create
    [hook_id] => 21475421
    [item_id] => 1973912996
    [comment_id] => 1257989835
)

Array
(
    [type] => comment.create
    [hook_id] => 21475421
    [item_id] => 1973912996
    [comment_id] => 1257991050
)

Array
(
    [type] => comment.create
    [hook_id] => 21475421
    [item_id] => 1973912996
    [comment_id] => 1257992288
)

Array
(
    [type] => comment.create
    [hook_id] => 21475421
    [item_id] => 1973912996
    [comment_id] => 1257996883
)

Array
(
    [type] => comment.create
    [hook_id] => 21475421
    [item_id] => 1973912996
    [comment_id] => 1257997234
)

Array
(
    [type] => comment.create
    [hook_id] => 21475421
    [item_id] => 2357049776
    [comment_id] => 1258019969
)

Array
(
    [type] => comment.create
    [hook_id] => 21475421
    [item_id] => 2420419380
    [comment_id] => 1258022824
)

Array
(
    [type] => comment.create
    [hook_id] => 21475421
    [item_id] => 1689900082
    [comment_id] => 1258085738
)

Array
(
    [type] => comment.create
    [hook_id] => 21475421
    [item_id] => 2356979216
    [comment_id] => 1258107730
)

Array
(
    [type] => comment.create
    [hook_id] => 21475421
    [item_id] => 1973912996
    [comment_id] => 1258149905
)

Array
(
    [type] => comment.create
    [hook_id] => 21475421
    [item_id] => 1731329341
    [comment_id] => 1258307442
)

Array
(
    [type] => comment.create
    [hook_id] => 21475421
    [item_id] => 1689900082
    [comment_id] => 1258563539
)

Array
(
    [type] => comment.create
    [hook_id] => 21475421
    [item_id] => 1689900082
    [comment_id] => 1258925090
)

Array
(
    [type] => comment.create
    [hook_id] => 21475421
    [item_id] => 1689900082
    [comment_id] => 1258932143
)

Array
(
    [type] => comment.create
    [hook_id] => 21475421
    [item_id] => 2072678869
    [comment_id] => 1259408229
)

Array
(
    [type] => comment.create
    [hook_id] => 21475421
    [item_id] => 1684178255
    [comment_id] => 1260977495
)

Array
(
    [type] => comment.create
    [hook_id] => 21475421
    [item_id] => 1684178255
    [comment_id] => 1261098212
)

Array
(
    [type] => comment.create
    [hook_id] => 21475421
    [item_id] => 1684178255
    [comment_id] => 1261317855
)

Array
(
    [type] => comment.create
    [hook_id] => 21475421
    [item_id] => 1682990020
    [comment_id] => 1262674958
)

Array
(
    [type] => comment.create
    [hook_id] => 21475421
    [item_id] => 1682990058
    [comment_id] => 1262678076
)

Array
(
    [type] => comment.create
    [hook_id] => 21475421
    [item_id] => 2145346823
    [comment_id] => 1262679231
)

Array
(
    [type] => comment.create
    [hook_id] => 21475421
    [item_id] => 2414142355
    [comment_id] => 1262908400
)

Array
(
    [type] => comment.create
    [hook_id] => 21475421
    [item_id] => 2414142355
    [comment_id] => 1262909891
)

Array
(
    [type] => comment.create
    [hook_id] => 21475421
    [item_id] => 1974113903
    [comment_id] => 1262989821
)

Array
(
    [type] => comment.create
    [hook_id] => 21475421
    [item_id] => 1974113903
    [comment_id] => 1262992079
)

Array
(
    [type] => comment.create
    [hook_id] => 21475421
    [item_id] => 1974113903
    [comment_id] => 1262998856
)

Array
(
    [type] => comment.create
    [hook_id] => 21475421
    [item_id] => 2338504189
    [comment_id] => 1263003872
)

Array
(
    [type] => comment.create
    [hook_id] => 21475421
    [item_id] => 1974113903
    [comment_id] => 1263015058
)

Array
(
    [type] => comment.create
    [hook_id] => 21475421
    [item_id] => 1974113903
    [comment_id] => 1263017455
)

Array
(
    [type] => comment.create
    [hook_id] => 21475421
    [item_id] => 1974113903
    [comment_id] => 1263032246
)

Array
(
    [type] => comment.create
    [hook_id] => 21475421
    [item_id] => 1974113903
    [comment_id] => 1263033845
)

Array
(
    [type] => comment.create
    [hook_id] => 21475421
    [item_id] => 1974113903
    [comment_id] => 1263034402
)

Array
(
    [type] => comment.create
    [hook_id] => 21475421
    [item_id] => 2340460165
    [comment_id] => 1263035424
)

Array
(
    [type] => comment.create
    [hook_id] => 21475421
    [item_id] => 2340460165
    [comment_id] => 1263036141
)

Array
(
    [type] => comment.create
    [hook_id] => 21475421
    [item_id] => 1731329341
    [comment_id] => 1263080708
)

Array
(
    [type] => comment.create
    [hook_id] => 21475421
    [item_id] => 1682990058
    [comment_id] => 1263171250
)

Array
(
    [type] => comment.create
    [hook_id] => 21475421
    [item_id] => 1682990020
    [comment_id] => 1263171581
)

Array
(
    [type] => comment.create
    [hook_id] => 21475421
    [item_id] => 2191783802
    [comment_id] => 1264608990
)

Array
(
    [type] => comment.create
    [hook_id] => 21475421
    [item_id] => 2340460165
    [comment_id] => 1266072475
)

Array
(
    [type] => comment.create
    [hook_id] => 21475421
    [item_id] => 2340460165
    [comment_id] => 1266072891
)

Array
(
    [type] => comment.create
    [hook_id] => 21475421
    [item_id] => 2040053960
    [comment_id] => 1266154853
)

Array
(
    [type] => comment.create
    [hook_id] => 21475421
    [item_id] => 2414142355
    [comment_id] => 1266635289
)

Array
(
    [type] => comment.create
    [hook_id] => 21475421
    [item_id] => 1682990009
    [comment_id] => 1266637049
)

Array
(
    [type] => comment.create
    [hook_id] => 21475421
    [item_id] => 1974113903
    [comment_id] => 1267123529
)

Array
(
    [type] => comment.create
    [hook_id] => 21475421
    [item_id] => 2040053960
    [comment_id] => 1267222972
)

Array
(
    [type] => comment.create
    [hook_id] => 21475421
    [item_id] => 1973912996
    [comment_id] => 1267505146
)

Array
(
    [type] => comment.create
    [hook_id] => 21475421
    [item_id] => 1974113903
    [comment_id] => 1267709673
)

Array
(
    [type] => comment.create
    [hook_id] => 21475421
    [item_id] => 1973912996
    [comment_id] => 1267740935
)

Array
(
    [type] => comment.create
    [hook_id] => 21475421
    [item_id] => 1973912996
    [comment_id] => 1267754004
)

Array
(
    [type] => comment.create
    [hook_id] => 21475421
    [item_id] => 2040053960
    [comment_id] => 1267798109
)

Array
(
    [type] => comment.create
    [hook_id] => 21475421
    [item_id] => 2040053960
    [comment_id] => 1267826643
)

Array
(
    [type] => comment.create
    [hook_id] => 21475421
    [item_id] => 1974113903
    [comment_id] => 1268561877
)

Array
(
    [type] => comment.create
    [hook_id] => 21475421
    [item_id] => 2369248939
    [comment_id] => 1269438106
)

Array
(
    [type] => comment.create
    [hook_id] => 21475421
    [item_id] => 1682989975
    [comment_id] => 1270662785
)

Array
(
    [type] => comment.create
    [hook_id] => 21475421
    [item_id] => 1682989975
    [comment_id] => 1270666356
)

Array
(
    [type] => comment.create
    [hook_id] => 21475421
    [item_id] => 1682989975
    [comment_id] => 1270687918
)

Array
(
    [type] => comment.create
    [hook_id] => 21475421
    [item_id] => 1682989975
    [comment_id] => 1270704406
)

Array
(
    [type] => comment.create
    [hook_id] => 21475421
    [item_id] => 1682989975
    [comment_id] => 1270710594
)

Array
(
    [type] => comment.create
    [hook_id] => 21475421
    [item_id] => 1682989975
    [comment_id] => 1270718730
)

Array
(
    [type] => comment.create
    [hook_id] => 21475421
    [item_id] => 1682989975
    [comment_id] => 1270736456
)

Array
(
    [type] => comment.create
    [hook_id] => 21475421
    [item_id] => 2369248939
    [comment_id] => 1271044684
)

Array
(
    [type] => comment.create
    [hook_id] => 21475421
    [item_id] => 2369248939
    [comment_id] => 1271695205
)

Array
(
    [type] => comment.create
    [hook_id] => 21475421
    [item_id] => 2065957313
    [comment_id] => 1271798180
)

Array
(
    [type] => comment.create
    [hook_id] => 21475421
    [item_id] => 2065957313
    [comment_id] => 1271798738
)

Array
(
    [type] => comment.create
    [hook_id] => 21475421
    [item_id] => 2461706387
    [comment_id] => 1271911115
)

Array
(
    [type] => comment.create
    [hook_id] => 21475421
    [item_id] => 2461706387
    [comment_id] => 1271911337
)

Array
(
    [type] => comment.create
    [hook_id] => 21475421
    [item_id] => 2065957313
    [comment_id] => 1271930992
)

Array
(
    [type] => comment.create
    [hook_id] => 21475421
    [item_id] => 1682989975
    [comment_id] => 1273479497
)

Array
(
    [type] => comment.create
    [hook_id] => 21475421
    [item_id] => 1974113903
    [comment_id] => 1273568269
)

Array
(
    [type] => comment.create
    [hook_id] => 21475421
    [item_id] => 1974113903
    [comment_id] => 1273640265
)

Array
(
    [type] => comment.create
    [hook_id] => 21475421
    [item_id] => 2370639577
    [comment_id] => 1273670506
)

Array
(
    [type] => comment.create
    [hook_id] => 21475421
    [item_id] => 2370639577
    [comment_id] => 1273671125
)

Array
(
    [type] => comment.create
    [hook_id] => 21475421
    [item_id] => 1974113903
    [comment_id] => 1273671740
)

Array
(
    [type] => comment.create
    [hook_id] => 21475421
    [item_id] => 2369248939
    [comment_id] => 1273676743
)

Array
(
    [type] => comment.create
    [hook_id] => 21475421
    [item_id] => 1973912996
    [comment_id] => 1273738703
)

Array
(
    [type] => comment.create
    [hook_id] => 21475421
    [item_id] => 1973912996
    [comment_id] => 1273742940
)

Array
(
    [type] => comment.create
    [hook_id] => 21475421
    [item_id] => 1973912996
    [comment_id] => 1273747235
)

Array
(
    [type] => comment.create
    [hook_id] => 21475421
    [item_id] => 1974113903
    [comment_id] => 1273843862
)

Array
(
    [type] => comment.create
    [hook_id] => 21475421
    [item_id] => 2191783802
    [comment_id] => 1274379806
)

Array
(
    [type] => comment.create
    [hook_id] => 21475421
    [item_id] => 2380933998
    [comment_id] => 1274382676
)

Array
(
    [type] => comment.create
    [hook_id] => 21475421
    [item_id] => 2191783802
    [comment_id] => 1274438782
)

Array
(
    [type] => comment.create
    [hook_id] => 21475421
    [item_id] => 2419110062
    [comment_id] => 1274491679
)

Array
(
    [type] => comment.create
    [hook_id] => 21516866
    [item_id] => 1741940267
    [comment_id] => 1274719512
)

Array
(
    [type] => comment.create
    [hook_id] => 21475421
    [item_id] => 2380933998
    [comment_id] => 1275185787
)

Array
(
    [type] => comment.create
    [hook_id] => 21475421
    [item_id] => 1973912996
    [comment_id] => 1275331413
)

Array
(
    [type] => comment.create
    [hook_id] => 21475421
    [item_id] => 2380933998
    [comment_id] => 1275342222
)

Array
(
    [type] => comment.create
    [hook_id] => 21475421
    [item_id] => 2380933998
    [comment_id] => 1275629879
)

Array
(
    [type] => comment.create
    [hook_id] => 21475421
    [item_id] => 1689900082
    [comment_id] => 1275684895
)

Array
(
    [type] => comment.create
    [hook_id] => 21475421
    [item_id] => 1731329341
    [comment_id] => 1275749701
)

Array
(
    [type] => comment.create
    [hook_id] => 21475421
    [item_id] => 1731329341
    [comment_id] => 1275750654
)

Array
(
    [type] => comment.create
    [hook_id] => 21475421
    [item_id] => 1731329341
    [comment_id] => 1275752117
)

Array
(
    [type] => comment.create
    [hook_id] => 21475421
    [item_id] => 1731329341
    [comment_id] => 1275753579
)

Array
(
    [type] => comment.create
    [hook_id] => 21475421
    [item_id] => 2380933998
    [comment_id] => 1275756389
)

Array
(
    [type] => comment.create
    [hook_id] => 21475421
    [item_id] => 2380933998
    [comment_id] => 1275767243
)

Array
(
    [type] => comment.create
    [hook_id] => 21475421
    [item_id] => 1682989995
    [comment_id] => 1275780959
)

Array
(
    [type] => comment.create
    [hook_id] => 21475421
    [item_id] => 2380933998
    [comment_id] => 1275783994
)

Array
(
    [type] => comment.create
    [hook_id] => 21475421
    [item_id] => 1973912996
    [comment_id] => 1275851912
)

Array
(
    [type] => comment.create
    [hook_id] => 21475421
    [item_id] => 1731329341
    [comment_id] => 1275906689
)

Array
(
    [type] => comment.create
    [hook_id] => 21475421
    [item_id] => 1698013325
    [comment_id] => 1275991266
)

Array
(
    [type] => comment.create
    [hook_id] => 21475421
    [item_id] => 1973912996
    [comment_id] => 1276009724
)

Array
(
    [type] => comment.create
    [hook_id] => 21475421
    [item_id] => 1698013325
    [comment_id] => 1276036812
)

Array
(
    [type] => comment.create
    [hook_id] => 21475421
    [item_id] => 1682989984
    [comment_id] => 1276047318
)

Array
(
    [type] => comment.create
    [hook_id] => 21475421
    [item_id] => 1973912996
    [comment_id] => 1276048074
)

Array
(
    [type] => comment.create
    [hook_id] => 21475421
    [item_id] => 2380933998
    [comment_id] => 1276059789
)

Array
(
    [type] => comment.create
    [hook_id] => 21475421
    [item_id] => 2380933998
    [comment_id] => 1276060445
)

Array
(
    [type] => comment.create
    [hook_id] => 21475421
    [item_id] => 2413403911
    [comment_id] => 1276556232
)

Array
(
    [type] => comment.create
    [hook_id] => 21475421
    [item_id] => 1684177140
    [comment_id] => 1276606502
)

Array
(
    [type] => comment.create
    [hook_id] => 21475421
    [item_id] => 1682989984
    [comment_id] => 1276765494
)

Array
(
    [type] => comment.create
    [hook_id] => 21475421
    [item_id] => 2380933998
    [comment_id] => 1276814366
)

Array
(
    [type] => comment.create
    [hook_id] => 21475421
    [item_id] => 2380933998
    [comment_id] => 1276845103
)

Array
(
    [type] => comment.create
    [hook_id] => 21475421
    [item_id] => 1974113903
    [comment_id] => 1276849493
)

Array
(
    [type] => comment.create
    [hook_id] => 21475421
    [item_id] => 2380933998
    [comment_id] => 1276888200
)

Array
(
    [type] => comment.create
    [hook_id] => 21475421
    [item_id] => 1974113903
    [comment_id] => 1276908678
)

Array
(
    [type] => comment.create
    [hook_id] => 21475421
    [item_id] => 2380933998
    [comment_id] => 1276911091
)

Array
(
    [type] => comment.create
    [hook_id] => 21475421
    [item_id] => 1973912996
    [comment_id] => 1277505243
)

Array
(
    [type] => comment.create
    [hook_id] => 21475421
    [item_id] => 1973912996
    [comment_id] => 1277521479
)

Array
(
    [type] => comment.create
    [hook_id] => 21475421
    [item_id] => 1973912996
    [comment_id] => 1277559607
)

Array
(
    [type] => comment.create
    [hook_id] => 21475421
    [item_id] => 2380933998
    [comment_id] => 1277705111
)

Array
(
    [type] => comment.create
    [hook_id] => 21475421
    [item_id] => 2065957313
    [comment_id] => 1277737434
)

Array
(
    [type] => comment.create
    [hook_id] => 21475421
    [item_id] => 2065957313
    [comment_id] => 1277739099
)

Array
(
    [type] => comment.create
    [hook_id] => 21475421
    [item_id] => 2065957313
    [comment_id] => 1277739456
)

Array
(
    [type] => comment.create
    [hook_id] => 21475421
    [item_id] => 2065957313
    [comment_id] => 1277741349
)

Array
(
    [type] => comment.create
    [hook_id] => 21475421
    [item_id] => 2065957313
    [comment_id] => 1277766433
)

Array
(
    [type] => comment.create
    [hook_id] => 21475421
    [item_id] => 2072678869
    [comment_id] => 1278705350
)

Array
(
    [type] => comment.create
    [hook_id] => 21475421
    [item_id] => 2072678869
    [comment_id] => 1278707609
)

Array
(
    [type] => comment.create
    [hook_id] => 21475421
    [item_id] => 2072678869
    [comment_id] => 1278708228
)

Array
(
    [type] => comment.create
    [hook_id] => 21516866
    [item_id] => 2461708924
    [comment_id] => 1278716878
)

Array
(
    [type] => comment.create
    [hook_id] => 21475421
    [item_id] => 2461706387
    [comment_id] => 1278717558
)

Array
(
    [type] => comment.create
    [hook_id] => 21475421
    [item_id] => 2461706387
    [comment_id] => 1278718056
)

Array
(
    [type] => comment.create
    [hook_id] => 21475421
    [item_id] => 2461706387
    [comment_id] => 1278718239
)

Array
(
    [type] => comment.create
    [hook_id] => 21475421
    [item_id] => 2072678869
    [comment_id] => 1278721650
)

Array
(
    [type] => comment.create
    [hook_id] => 21475421
    [item_id] => 2072678869
    [comment_id] => 1278750211
)

Array
(
    [type] => comment.create
    [hook_id] => 21475421
    [item_id] => 1973912996
    [comment_id] => 1278769670
)

Array
(
    [type] => comment.create
    [hook_id] => 21475421
    [item_id] => 2072678869
    [comment_id] => 1279367541
)

Array
(
    [type] => comment.create
    [hook_id] => 21475421
    [item_id] => 2369248939
    [comment_id] => 1279379177
)

Array
(
    [type] => comment.create
    [hook_id] => 21475421
    [item_id] => 2461706387
    [comment_id] => 1279455991
)

Array
(
    [type] => comment.create
    [hook_id] => 21475421
    [item_id] => 2461706387
    [comment_id] => 1279552308
)

Array
(
    [type] => comment.create
    [hook_id] => 21475421
    [item_id] => 1974113903
    [comment_id] => 1279561561
)

Array
(
    [type] => comment.create
    [hook_id] => 21475421
    [item_id] => 2461706387
    [comment_id] => 1279570929
)

Array
(
    [type] => comment.create
    [hook_id] => 21475421
    [item_id] => 2072678869
    [comment_id] => 1279581292
)

Array
(
    [type] => comment.create
    [hook_id] => 21475421
    [item_id] => 2072678869
    [comment_id] => 1279581996
)

Array
(
    [type] => comment.create
    [hook_id] => 21475421
    [item_id] => 2461706387
    [comment_id] => 1279619518
)

Array
(
    [type] => comment.create
    [hook_id] => 21475421
    [item_id] => 1974113903
    [comment_id] => 1280719654
)

Array
(
    [type] => comment.create
    [hook_id] => 21475421
    [item_id] => 1974113903
    [comment_id] => 1280720482
)

Array
(
    [type] => comment.create
    [hook_id] => 21475421
    [item_id] => 2338504189
    [comment_id] => 1280723147
)

Array
(
    [type] => comment.create
    [hook_id] => 21475421
    [item_id] => 2380933998
    [comment_id] => 1280742826
)

Array
(
    [type] => comment.create
    [hook_id] => 21475421
    [item_id] => 1684177871
    [comment_id] => 1280819707
)

Array
(
    [type] => comment.create
    [hook_id] => 21475421
    [item_id] => 2065957313
    [comment_id] => 1280831000
)

Array
(
    [type] => comment.create
    [hook_id] => 21475421
    [item_id] => 2461706387
    [comment_id] => 1280831937
)

Array
(
    [type] => comment.create
    [hook_id] => 21475421
    [item_id] => 2461706387
    [comment_id] => 1280837641
)

Array
(
    [type] => comment.create
    [hook_id] => 21475421
    [item_id] => 2461706387
    [comment_id] => 1280840967
)

Array
(
    [type] => comment.create
    [hook_id] => 21475421
    [item_id] => 2338504189
    [comment_id] => 1280968817
)

Array
(
    [type] => comment.create
    [hook_id] => 21475421
    [item_id] => 2461706387
    [comment_id] => 1281116475
)

Array
(
    [type] => comment.create
    [hook_id] => 21475421
    [item_id] => 2461706387
    [comment_id] => 1281118085
)

Array
(
    [type] => comment.create
    [hook_id] => 21475421
    [item_id] => 2461706387
    [comment_id] => 1281351467
)

Array
(
    [type] => comment.create
    [hook_id] => 21475421
    [item_id] => 2338504189
    [comment_id] => 1281359415
)

Array
(
    [type] => comment.create
    [hook_id] => 21475421
    [item_id] => 1974113903
    [comment_id] => 1281503429
)

Array
(
    [type] => comment.create
    [hook_id] => 21475421
    [item_id] => 2393323264
    [comment_id] => 1281757210
)

Array
(
    [type] => comment.create
    [hook_id] => 21475421
    [item_id] => 2040053960
    [comment_id] => 1281790806
)

Array
(
    [type] => comment.create
    [hook_id] => 21475421
    [item_id] => 1689900055
    [comment_id] => 1281826454
)

Array
(
    [type] => comment.create
    [hook_id] => 21475421
    [item_id] => 1682989984
    [comment_id] => 1281835618
)

Array
(
    [type] => comment.create
    [hook_id] => 21475421
    [item_id] => 1904990080
    [comment_id] => 1282360828
)

Array
(
    [type] => comment.create
    [hook_id] => 21475421
    [item_id] => 2357049776
    [comment_id] => 1282392198
)

Array
(
    [type] => comment.create
    [hook_id] => 21475421
    [item_id] => 2357049776
    [comment_id] => 1282404574
)

Array
(
    [type] => comment.create
    [hook_id] => 21475421
    [item_id] => 1974113903
    [comment_id] => 1282407475
)

Array
(
    [type] => comment.create
    [hook_id] => 21475421
    [item_id] => 1904990080
    [comment_id] => 1282524015
)

Array
(
    [type] => comment.create
    [hook_id] => 21475421
    [item_id] => 1904990080
    [comment_id] => 1282524029
)

Array
(
    [type] => comment.create
    [hook_id] => 21475421
    [item_id] => 1904990080
    [comment_id] => 1282525699
)

Array
(
    [type] => comment.create
    [hook_id] => 21475421
    [item_id] => 1904990080
    [comment_id] => 1282526391
)

Array
(
    [type] => comment.create
    [hook_id] => 21475421
    [item_id] => 1904990080
    [comment_id] => 1282527464
)

Array
(
    [type] => comment.create
    [hook_id] => 21475421
    [item_id] => 1904990080
    [comment_id] => 1282528254
)

Array
(
    [type] => comment.create
    [hook_id] => 21475421
    [item_id] => 1904990080
    [comment_id] => 1282531292
)

Array
(
    [type] => comment.create
    [hook_id] => 21475421
    [item_id] => 2414142355
    [comment_id] => 1282577804
)

Array
(
    [type] => comment.create
    [hook_id] => 21475421
    [item_id] => 1684177835
    [comment_id] => 1282599862
)

Array
(
    [type] => comment.create
    [hook_id] => 21475421
    [item_id] => 1682990009
    [comment_id] => 1282616086
)

Array
(
    [type] => comment.create
    [hook_id] => 21475421
    [item_id] => 1689900055
    [comment_id] => 1282631839
)

Array
(
    [type] => comment.create
    [hook_id] => 21475421
    [item_id] => 1974113903
    [comment_id] => 1282642461
)

Array
(
    [type] => comment.create
    [hook_id] => 21475421
    [item_id] => 1689900055
    [comment_id] => 1282680541
)

Array
(
    [type] => comment.create
    [hook_id] => 21475421
    [item_id] => 1689900055
    [comment_id] => 1282693257
)

Array
(
    [type] => comment.create
    [hook_id] => 21475421
    [item_id] => 1974113903
    [comment_id] => 1282695753
)

Array
(
    [type] => comment.create
    [hook_id] => 21475421
    [item_id] => 2369248939
    [comment_id] => 1282726204
)

Array
(
    [type] => comment.create
    [hook_id] => 21475421
    [item_id] => 2357049776
    [comment_id] => 1282749628
)

Array
(
    [type] => comment.create
    [hook_id] => 21475421
    [item_id] => 1904990080
    [comment_id] => 1282767451
)

Array
(
    [type] => comment.create
    [hook_id] => 21475421
    [item_id] => 1689900055
    [comment_id] => 1282780023
)

Array
(
    [type] => comment.create
    [hook_id] => 21475421
    [item_id] => 1689900055
    [comment_id] => 1282786696
)

Array
(
    [type] => comment.create
    [hook_id] => 21475421
    [item_id] => 2461706387
    [comment_id] => 1282794386
)

Array
(
    [type] => comment.create
    [hook_id] => 21475421
    [item_id] => 1684178255
    [comment_id] => 1282802358
)

Array
(
    [type] => comment.create
    [hook_id] => 21475421
    [item_id] => 2357049776
    [comment_id] => 1282805469
)

Array
(
    [type] => comment.create
    [hook_id] => 21475421
    [item_id] => 1904990080
    [comment_id] => 1282881612
)

Array
(
    [type] => comment.create
    [hook_id] => 21475421
    [item_id] => 1689900055
    [comment_id] => 1282964855
)

Array
(
    [type] => comment.create
    [hook_id] => 21475421
    [item_id] => 1904990080
    [comment_id] => 1283204359
)

Array
(
    [type] => comment.create
    [hook_id] => 21475421
    [item_id] => 1689900055
    [comment_id] => 1283205710
)

Array
(
    [type] => comment.create
    [hook_id] => 21475421
    [item_id] => 1689900055
    [comment_id] => 1283216794
)

Array
(
    [type] => comment.create
    [hook_id] => 21475421
    [item_id] => 2477391181
    [comment_id] => 1283497852
)

Array
(
    [type] => comment.create
    [hook_id] => 21475421
    [item_id] => 1684178255
    [comment_id] => 1283499386
)

Array
(
    [type] => comment.create
    [hook_id] => 21475421
    [item_id] => 1682989984
    [comment_id] => 1283532794
)

Array
(
    [type] => comment.create
    [hook_id] => 21475421
    [item_id] => 1904990080
    [comment_id] => 1283560909
)

Array
(
    [type] => comment.create
    [hook_id] => 21475421
    [item_id] => 1973912996
    [comment_id] => 1283562771
)

Array
(
    [type] => comment.create
    [hook_id] => 21475421
    [item_id] => 1974113903
    [comment_id] => 1283947124
)

Array
(
    [type] => comment.create
    [hook_id] => 21475421
    [item_id] => 1689900055
    [comment_id] => 1283985323
)

Array
(
    [type] => comment.create
    [hook_id] => 21475421
    [item_id] => 1689900055
    [comment_id] => 1284026769
)

Array
(
    [type] => comment.create
    [hook_id] => 21475421
    [item_id] => 1973912996
    [comment_id] => 1284042959
)

Array
(
    [type] => comment.create
    [hook_id] => 21475421
    [item_id] => 2380933998
    [comment_id] => 1284089238
)

Array
(
    [type] => comment.create
    [hook_id] => 21475421
    [item_id] => 2380933998
    [comment_id] => 1284091159
)

Array
(
    [type] => comment.create
    [hook_id] => 21475421
    [item_id] => 2097051320
    [comment_id] => 1284333734
)

Array
(
    [type] => comment.create
    [hook_id] => 21475421
    [item_id] => 2357049776
    [comment_id] => 1285303309
)

Array
(
    [type] => comment.create
    [hook_id] => 21475421
    [item_id] => 2114694195
    [comment_id] => 1285377086
)

Array
(
    [type] => comment.create
    [hook_id] => 21475421
    [item_id] => 1684177347
    [comment_id] => 1285418735
)

Array
(
    [type] => comment.create
    [hook_id] => 21475421
    [item_id] => 2461706387
    [comment_id] => 1285432793
)

Array
(
    [type] => comment.create
    [hook_id] => 21475421
    [item_id] => 1682990021
    [comment_id] => 1285448454
)

Array
(
    [type] => comment.create
    [hook_id] => 21475421
    [item_id] => 1682989975
    [comment_id] => 1285455384
)

Array
(
    [type] => comment.create
    [hook_id] => 21475421
    [item_id] => 1851607446
    [comment_id] => 1285460393
)

Array
(
    [type] => comment.create
    [hook_id] => 21475421
    [item_id] => 1682990020
    [comment_id] => 1285474924
)

Array
(
    [type] => comment.create
    [hook_id] => 21475421
    [item_id] => 2461706387
    [comment_id] => 1285517064
)

Array
(
    [type] => comment.create
    [hook_id] => 21475421
    [item_id] => 1682990058
    [comment_id] => 1285580298
)

Array
(
    [type] => comment.create
    [hook_id] => 21475421
    [item_id] => 1682990036
    [comment_id] => 1285597397
)

Array
(
    [type] => comment.create
    [hook_id] => 21475421
    [item_id] => 1682990013
    [comment_id] => 1285620658
)

Array
(
    [type] => comment.create
    [hook_id] => 21475421
    [item_id] => 1684177140
    [comment_id] => 1285647770
)

Array
(
    [type] => comment.create
    [hook_id] => 21475421
    [item_id] => 1682990009
    [comment_id] => 1285655904
)

Array
(
    [type] => comment.create
    [hook_id] => 21475421
    [item_id] => 2369248939
    [comment_id] => 1285657693
)

Array
(
    [type] => comment.create
    [hook_id] => 21475421
    [item_id] => 1682989995
    [comment_id] => 1285658218
)

Array
(
    [type] => comment.create
    [hook_id] => 21475421
    [item_id] => 1682989997
    [comment_id] => 1285666544
)

Array
(
    [type] => comment.create
    [hook_id] => 21475421
    [item_id] => 2414142355
    [comment_id] => 1285680242
)

Array
(
    [type] => comment.create
    [hook_id] => 21475421
    [item_id] => 1682989975
    [comment_id] => 1285680861
)

Array
(
    [type] => comment.create
    [hook_id] => 21475421
    [item_id] => 1682990009
    [comment_id] => 1285683976
)

Array
(
    [type] => comment.create
    [hook_id] => 21475421
    [item_id] => 1684177518
    [comment_id] => 1285693009
)

Array
(
    [type] => comment.create
    [hook_id] => 21475421
    [item_id] => 1689900082
    [comment_id] => 1285750352
)

Array
(
    [type] => comment.create
    [hook_id] => 21475421
    [item_id] => 2114694195
    [comment_id] => 1285766458
)

Array
(
    [type] => comment.create
    [hook_id] => 21475421
    [item_id] => 2145346823
    [comment_id] => 1286036098
)

Array
(
    [type] => comment.create
    [hook_id] => 21475421
    [item_id] => 2145346823
    [comment_id] => 1286050111
)

Array
(
    [type] => comment.create
    [hook_id] => 21475421
    [item_id] => 1689900055
    [comment_id] => 1286141063
)

Array
(
    [type] => comment.create
    [hook_id] => 21475421
    [item_id] => 2114694195
    [comment_id] => 1286257543
)

Array
(
    [type] => comment.create
    [hook_id] => 21475421
    [item_id] => 2338504189
    [comment_id] => 1286279098
)

Array
(
    [type] => comment.create
    [hook_id] => 21475421
    [item_id] => 1682989995
    [comment_id] => 1286379760
)

Array
(
    [type] => comment.create
    [hook_id] => 21475421
    [item_id] => 1689900055
    [comment_id] => 1286382670
)

Array
(
    [type] => comment.create
    [hook_id] => 21475421
    [item_id] => 2358475692
    [comment_id] => 1286412270
)

Array
(
    [type] => comment.create
    [hook_id] => 21475421
    [item_id] => 2358475692
    [comment_id] => 1286530354
)

Array
(
    [type] => comment.create
    [hook_id] => 21475421
    [item_id] => 2145346823
    [comment_id] => 1286541220
)

Array
(
    [type] => comment.create
    [hook_id] => 21475421
    [item_id] => 1682990017
    [comment_id] => 1286548885
)

Array
(
    [type] => comment.create
    [hook_id] => 21475421
    [item_id] => 1684177871
    [comment_id] => 1286557867
)

Array
(
    [type] => comment.create
    [hook_id] => 21475421
    [item_id] => 2191783802
    [comment_id] => 1286566251
)

Array
(
    [type] => comment.create
    [hook_id] => 21475421
    [item_id] => 1698013325
    [comment_id] => 1286572744
)

Array
(
    [type] => comment.create
    [hook_id] => 21475421
    [item_id] => 1682990021
    [comment_id] => 1286594038
)

Array
(
    [type] => comment.create
    [hook_id] => 21475421
    [item_id] => 1849740382
    [comment_id] => 1286612302
)

Array
(
    [type] => comment.create
    [hook_id] => 21475421
    [item_id] => 2461706387
    [comment_id] => 1286619011
)

Array
(
    [type] => comment.create
    [hook_id] => 21475421
    [item_id] => 2393323264
    [comment_id] => 1287159049
)

Array
(
    [type] => comment.create
    [hook_id] => 21475421
    [item_id] => 1974113903
    [comment_id] => 1287385522
)

Array
(
    [type] => comment.create
    [hook_id] => 21475421
    [item_id] => 2065957313
    [comment_id] => 1287412244
)

Array
(
    [type] => comment.create
    [hook_id] => 21475421
    [item_id] => 2072678869
    [comment_id] => 1287492544
)

Array
(
    [type] => comment.create
    [hook_id] => 21475421
    [item_id] => 2072678869
    [comment_id] => 1287532916
)

Array
(
    [type] => comment.create
    [hook_id] => 21475421
    [item_id] => 1689900055
    [comment_id] => 1287624056
)

Array
(
    [type] => comment.create
    [hook_id] => 21475421
    [item_id] => 2414142355
    [comment_id] => 1287680072
)

Array
(
    [type] => comment.create
    [hook_id] => 21475421
    [item_id] => 1682989995
    [comment_id] => 1289218718
)

Array
(
    [type] => comment.create
    [hook_id] => 21475421
    [item_id] => 2072678869
    [comment_id] => 1289290298
)

Array
(
    [type] => comment.create
    [hook_id] => 21475421
    [item_id] => 1689900082
    [comment_id] => 1289351508
)

Array
(
    [type] => comment.create
    [hook_id] => 21475421
    [item_id] => 2414142355
    [comment_id] => 1289425227
)

Array
(
    [type] => comment.create
    [hook_id] => 21475421
    [item_id] => 2414142355
    [comment_id] => 1290144932
)

Array
(
    [type] => comment.create
    [hook_id] => 21475421
    [item_id] => 1684177347
    [comment_id] => 1290972847
)

Array
(
    [type] => comment.create
    [hook_id] => 21475421
    [item_id] => 2414142355
    [comment_id] => 1291024731
)

Array
(
    [type] => comment.create
    [hook_id] => 21475421
    [item_id] => 2414142355
    [comment_id] => 1291025690
)

Array
(
    [type] => comment.create
    [hook_id] => 21475421
    [item_id] => 2357049776
    [comment_id] => 1291044710
)

Array
(
    [type] => comment.create
    [hook_id] => 21475421
    [item_id] => 1684177347
    [comment_id] => 1291047428
)

Array
(
    [type] => comment.create
    [hook_id] => 21475421
    [item_id] => 2461706387
    [comment_id] => 1291154071
)

Array
(
    [type] => comment.create
    [hook_id] => 21475421
    [item_id] => 1689900055
    [comment_id] => 1291329693
)

Array
(
    [type] => comment.create
    [hook_id] => 21475421
    [item_id] => 1689900055
    [comment_id] => 1291330817
)

Array
(
)

Comment ID id empty. 
Array
(
)

Hook type does not exist
Array
(
)

req: 
Hook type does not exist
Array
(
)

req: 
Hook type does not exist
Array
(
)

req: 
Hook type does not exist
Array
(
)

req: 
Hook type does not exist
Array
(
)

req: 
Hook type does not exist
